#
# There is insufficient memory for the Java Runtime Environment to continue.
# Native memory allocation (mmap) failed to map 268435456 bytes. Error detail: G1 virtual space
# Possible reasons:
#   The system is out of physical RAM or swap space
#   This process is running with CompressedOops enabled, and the Java Heap may be blocking the growth of the native heap
# Possible solutions:
#   Reduce memory load on the system
#   Increase physical memory or swap space
#   Check if swap backing store is full
#   Decrease Java heap size (-Xmx/-Xms)
#   Decrease number of Java threads
#   Decrease Java thread stack sizes (-Xss)
#   Set larger code cache with -XX:ReservedCodeCacheSize=
#   JVM is running with Zero Based Compressed Oops mode in which the Java heap is
#     placed in the first 32GB address space. The Java Heap base address is the
#     maximum limit for the native heap growth. Please use -XX:HeapBaseMinAddress
#     to set the Java Heap base and to place the Java Heap above 32GB virtual address.
# This output file may be truncated or incomplete.
#
#  Out of Memory Error (os_windows.cpp:3766), pid=22948, tid=5888
#
# JRE version:  (25.0.2+1) (build )
# Java VM: OpenJDK 64-Bit Server VM (25.0.2+1-b329.117, mixed mode, sharing, tiered, compressed oops, compressed class ptrs, g1 gc, windows-amd64)
# No core dump will be written. Minidumps are not enabled by default on client versions of Windows
#

---------------  S U M M A R Y ------------

Command Line: git4idea.http.GitAskPassApp Username for 'https://github.com': 

Host: Intel(R) Core(TM) i7-7700HQ CPU @ 2.80GHz, 8 cores, 15G,  Windows 10 , 64 bit Build 19041 (10.0.19041.7291)
Time: Wed Jun 17 22:10:21 2026 elapsed time: 0.015079 seconds (0d 0h 0m 0s)

---------------  T H R E A D  ---------------

Current thread (0x000001bda152bf90):  JavaThread "Unknown thread" [_thread_in_vm, id=5888, stack(0x00000047fa500000,0x00000047fa600000) (1024K)]

Stack: [0x00000047fa500000,0x00000047fa600000]
Native frames: (J=compiled Java code, j=interpreted, Vv=VM code, C=native code)
V  [jvm.dll+0x7c0cc9]  (no source info available)
V  [jvm.dll+0x78a49d]  (no source info available)
V  [jvm.dll+0xa0e693]  (no source info available)
V  [jvm.dll+0xa10e8c]  (no source info available)
V  [jvm.dll+0xa11583]  (no source info available)
V  [jvm.dll+0x307b46]  (no source info available)
V  [jvm.dll+0x7bced5]  (no source info available)
V  [jvm.dll+0x7afe97]  (no source info available)
V  [jvm.dll+0x40159e]  (no source info available)
V  [jvm.dll+0x4093bb]  (no source info available)
V  [jvm.dll+0x3f5bf9]  (no source info available)
V  [jvm.dll+0x3f5eab]  (no source info available)
V  [jvm.dll+0x3cc053]  (no source info available)
V  [jvm.dll+0x3cccbe]  (no source info available)
V  [jvm.dll+0x9d4a07]  (no source info available)
V  [jvm.dll+0x466ce2]  (no source info available)
V  [jvm.dll+0x9b8139]  (no source info available)
V  [jvm.dll+0x508a01]  (no source info available)
V  [jvm.dll+0x50a371]  (no source info available)
C  [jli.dll+0x541a]  (no source info available)
C  [ucrtbase.dll+0x21bb2]  (no source info available)
C  [KERNEL32.DLL+0x17374]  (no source info available)
C  [ntdll.dll+0x4cc91]  (no source info available)

Lock stack of current Java thread (top to bottom):


---------------  P R O C E S S  ---------------

Threads class SMR info:
_java_thread_list=0x00007ffcf16d9108, length=0, elements={
}

Java Threads: ( => current thread )
Total: 0

Other Threads:
  0x000001bda37bd000 WorkerThread "GC Thread#0"                     [id=27356, stack(0x00000047fa600000,0x00000047fa700000) (1024K)]
  0x000001bda37d5e30 ConcurrentGCThread "G1 Main Marker"            [id=16380, stack(0x00000047fa700000,0x00000047fa800000) (1024K)]
  0x000001bda37d6b50 WorkerThread "G1 Conc#0"                       [id=21576, stack(0x00000047fa800000,0x00000047fa900000) (1024K)]

[error occurred during error reporting (printing all threads), id 0xc0000005, EXCEPTION_ACCESS_VIOLATION (0xc0000005) at pc=0x00007ffcf0cf0caa]
VM state: not at safepoint (not fully initialized)

VM Mutex/Monitor currently owned by a thread:  ([mutex/lock_event])
[0x00007ffcf1761d10] Heap_lock - owner thread: 0x000001bda152bf90

Heap address: 0x0000000701c00000, size: 4068 MB, Compressed Oops mode: Zero based, Oop shift amount: 3

CDS archive(s) mapped at: [0x0000000000000000-0x0000000000000000-0x0000000000000000), size 0, SharedBaseAddress: 0x0000000800000000, ArchiveRelocationMode: 1.
UseCompressedClassPointers 1, UseCompactObjectHeaders 0
Narrow klass pointer bits 32, Max shift 3
Narrow klass base: 0xffffffffffffffff, Narrow klass shift: -1
Encoding Range: [0xffffffffffffffff - 0x000000007fffffff), (2147483648 bytes)
Klass Range:    [0x0000000000000000 - 0x0000000000000000), (0 bytes)
Klass ID Range:  [4294967295 - 0) (1)
No protection zone.

GC Precious Log:
 CardTable entry size: 512
 Card Set container configuration: InlinePtr #cards 4 size 8 Array Of Cards #cards 16 size 48 Howl #buckets 8 coarsen threshold 3686 Howl Bitmap #cards 512 size 80 coarsen threshold 460 Card regions per heap region 1 cards per card region 4096

Heap:
 garbage-first heap   total reserved 4165632K, committed 0K, used 0K [0x0000000701c00000, 0x0000000800000000)
  region size 2048K, 0 young (0K), 0 survivors (0K)

Heap Regions: E=young(eden), S=young(survivor), O=old, HS=humongous(starts), HC=humongous(continues), CS=collection set, F=free, TAMS=top-at-mark-start, PB=parsable bottom

Card table byte_map: [0x000001bdb7690000,0x000001bdb7e90000] _byte_map_base: 0x000001bdb3e82000

Marking Bits: (CMBitMap*) 0x000001bda37bd790
 Bits: [0x000001bdb7e90000, 0x000001bdbbe20000)

GC Heap Usage History (0 events):
No events

Metaspace Usage History (0 events):
No events

Dll operation events (1 events):
Event: 0.009 Loaded shared library D:\專業軟體\webstorm 2025-2026\WebStorm-2026.1.1.win\jbr\bin\java.dll

Deoptimization events (0 events):
No events

Classes loaded (0 events):
No events

Classes unloaded (0 events):
No events

Classes redefined (0 events):
No events

Internal exceptions (0 events):
No events

VM Operations (0 events):
No events

Memory protections (0 events):
No events

Nmethod flushes (0 events):
No events

Events (0 events):
No events


Dynamic libraries:
0x00007ff6b34a0000 - 0x00007ff6b34aa000 	D:\專業軟體\webstorm 2025-2026\WebStorm-2026.1.1.win\jbr\bin\java.exe
0x00007ffdab550000 - 0x00007ffdab749000 	C:\WINDOWS\SYSTEM32\ntdll.dll
0x00007ffda96f0000 - 0x00007ffda97b2000 	C:\WINDOWS\System32\KERNEL32.DLL
0x00007ffda8c70000 - 0x00007ffda8f67000 	C:\WINDOWS\System32\KERNELBASE.dll
0x00007ffda9120000 - 0x00007ffda9220000 	C:\WINDOWS\System32\ucrtbase.dll
0x00007ffd8dcf0000 - 0x00007ffd8dd0e000 	D:\專業軟體\webstorm 2025-2026\WebStorm-2026.1.1.win\jbr\bin\VCRUNTIME140.dll
0x00007ffd8bac0000 - 0x00007ffd8bad7000 	D:\專業軟體\webstorm 2025-2026\WebStorm-2026.1.1.win\jbr\bin\jli.dll
0x00007ffda9e90000 - 0x00007ffdaa02d000 	C:\WINDOWS\System32\USER32.dll
0x00007ffda9480000 - 0x00007ffda94a2000 	C:\WINDOWS\System32\win32u.dll
0x00007ffd94060000 - 0x00007ffd942fb000 	C:\WINDOWS\WinSxS\amd64_microsoft.windows.common-controls_6595b64144ccf1df_6.0.19041.6926_none_60b5a53971f8f7e6\COMCTL32.dll
0x00007ffda98f0000 - 0x00007ffda991b000 	C:\WINDOWS\System32\GDI32.dll
0x00007ffdab400000 - 0x00007ffdab49e000 	C:\WINDOWS\System32\msvcrt.dll
0x00007ffda9220000 - 0x00007ffda933a000 	C:\WINDOWS\System32\gdi32full.dll
0x00007ffda94b0000 - 0x00007ffda954d000 	C:\WINDOWS\System32\msvcp_win.dll
0x00007ffda9e60000 - 0x00007ffda9e8f000 	C:\WINDOWS\System32\IMM32.DLL
0x00007ffda49a0000 - 0x00007ffda49ac000 	D:\專業軟體\webstorm 2025-2026\WebStorm-2026.1.1.win\jbr\bin\vcruntime140_1.dll
0x00007ffd7a200000 - 0x00007ffd7a289000 	D:\專業軟體\webstorm 2025-2026\WebStorm-2026.1.1.win\jbr\bin\msvcp140.dll
0x00007ffcf0910000 - 0x00007ffcf1862000 	D:\專業軟體\webstorm 2025-2026\WebStorm-2026.1.1.win\jbr\bin\server\jvm.dll
0x00007ffda9920000 - 0x00007ffda99d1000 	C:\WINDOWS\System32\ADVAPI32.dll
0x00007ffdaa030000 - 0x00007ffdaa0cf000 	C:\WINDOWS\System32\sechost.dll
0x00007ffda97c0000 - 0x00007ffda98e6000 	C:\WINDOWS\System32\RPCRT4.dll
0x00007ffda8bc0000 - 0x00007ffda8be7000 	C:\WINDOWS\System32\bcrypt.dll
0x00007ffdab4a0000 - 0x00007ffdab50b000 	C:\WINDOWS\System32\WS2_32.dll
0x00007ffda8110000 - 0x00007ffda815b000 	C:\WINDOWS\SYSTEM32\POWRPROF.dll
0x00007ffda2d40000 - 0x00007ffda2d4a000 	C:\WINDOWS\SYSTEM32\VERSION.dll
0x00007ffd910f0000 - 0x00007ffd91117000 	C:\WINDOWS\SYSTEM32\WINMM.dll
0x00007ffda7f80000 - 0x00007ffda7f92000 	C:\WINDOWS\SYSTEM32\UMPDC.dll
0x00007ffda73d0000 - 0x00007ffda73e2000 	C:\WINDOWS\SYSTEM32\kernel.appcore.dll
0x00007ffda4990000 - 0x00007ffda499a000 	D:\專業軟體\webstorm 2025-2026\WebStorm-2026.1.1.win\jbr\bin\jimage.dll
0x00007ffd97b50000 - 0x00007ffd97d51000 	C:\WINDOWS\SYSTEM32\DBGHELP.DLL
0x00007ffd863a0000 - 0x00007ffd863d4000 	C:\WINDOWS\SYSTEM32\dbgcore.DLL
0x00007ffda9340000 - 0x00007ffda93c2000 	C:\WINDOWS\System32\bcryptPrimitives.dll
0x00007ffd87570000 - 0x00007ffd8758f000 	D:\專業軟體\webstorm 2025-2026\WebStorm-2026.1.1.win\jbr\bin\java.dll
0x00007ffdaa5e0000 - 0x00007ffdaa70b000 	C:\WINDOWS\System32\ole32.dll
0x00007ffdaa0d0000 - 0x00007ffdaa423000 	C:\WINDOWS\System32\combase.dll
0x00007ffdaa790000 - 0x00007ffdaaf01000 	C:\WINDOWS\System32\SHELL32.dll

JVMTI agents: none

dbghelp: loaded successfully - version: 4.0.5 - missing functions: none
symbol engine: initialized successfully - sym options: 0x614 - pdb path: .;D:\專業軟體\webstorm 2025-2026\WebStorm-2026.1.1.win\jbr\bin;C:\WINDOWS\SYSTEM32;C:\WINDOWS\WinSxS\amd64_microsoft.windows.common-controls_6595b64144ccf1df_6.0.19041.6926_none_60b5a53971f8f7e6;D:\專業軟體\webstorm 2025-2026\WebStorm-2026.1.1.win\jbr\bi;D:\專業軟體\webstorm 2025-2026\WebStorm-2026.1.1.win\jb

VM Arguments:
java_command: git4idea.http.GitAskPassApp Username for 'https://github.com': 
java_class_path (initial): D:/專業軟體/webstorm 2025-2026/WebStorm-2026.1.1.win/plugins/vcs-git/lib/git4idea-rt.jar;D:/專業軟體/webstorm 2025-2026/WebStorm-2026.1.1.win/lib/externalProcess-rt.jar
Launcher Type: SUN_STANDARD

[Global flags]
     intx CICompilerCount                          = 4                                         {product} {ergonomic}
     uint ConcGCThreads                            = 2                                         {product} {ergonomic}
     uint G1ConcRefinementThreads                  = 8                                         {product} {ergonomic}
   size_t G1HeapRegionSize                         = 2097152                                   {product} {ergonomic}
   size_t InitialHeapSize                          = 268435456                                 {product} {ergonomic}
   size_t MarkStackSize                            = 4194304                                   {product} {ergonomic}
   size_t MarkStackSizeMax                         = 536870912                                 {product} {ergonomic}
   size_t MaxHeapSize                              = 4265607168                                {product} {ergonomic}
   size_t MinHeapDeltaBytes                        = 2097152                                   {product} {ergonomic}
   size_t MinHeapSize                              = 8388608                                   {product} {ergonomic}
    uintx NonNMethodCodeHeapSize                   = 5832704                                {pd product} {ergonomic}
    uintx NonProfiledCodeHeapSize                  = 122945536                              {pd product} {ergonomic}
    uintx ProfiledCodeHeapSize                     = 122880000                              {pd product} {ergonomic}
    uintx ReservedCodeCacheSize                    = 251658240                              {pd product} {ergonomic}
     bool SegmentedCodeCache                       = true                                      {product} {ergonomic}
   size_t SoftMaxHeapSize                          = 4265607168                             {manageable} {ergonomic}
     bool UseCompressedOops                        = true                           {product lp64_product} {ergonomic}
     bool UseG1GC                                  = true                                      {product} {ergonomic}
     bool UseLargePagesIndividualAllocation        = false                                  {pd product} {ergonomic}

Logging:
Log output configuration:
 #0: stdout all=warning uptime,level,tags foldmultilines=false
 #1: stderr all=off uptime,level,tags foldmultilines=false

Release file:
<release file has not been read>
Environment Variables:
PATH=C:\Program Files\Git\mingw64\libexec\git-core;C:\Program Files\Git\mingw64\libexec\git-core;C:\Program Files\Git\mingw64\bin;C:\Program Files\Git\usr\bin;C:\Users\USER\bin;C:\Program Files (x86)\Intel\Intel(R) Management Engine Components\iCLS;C:\Program Files\Intel\Intel(R) Management Engine Components\iCLS;C:\WINDOWS\system32;C:\WINDOWS;C:\WINDOWS\System32\Wbem;C:\WINDOWS\System32\WindowsPowerShell\v1.0;C:\WINDOWS\System32\OpenSSH;C:\Program Files (x86)\Intel\Intel(R) Management Engine Components\DAL;C:\Program Files\Intel\Intel(R) Management Engine Components\DAL;C:\Program Files (x86)\Intel\Intel(R) Management Engine Components\IPT;C:\Program Files\Intel\Intel(R) Management Engine Components\IPT;C:\Program Files\Git\cmd;C:\Users\USER\AppData\Local\Microsoft\WindowsApps
USERNAME=USER
DISPLAY=:0.0
LC_ALL=en_US.UTF-8
TERM=xterm-256color
TMPDIR=C:\Users\USER\AppData\Local\Temp
OS=Windows_NT
PROCESSOR_IDENTIFIER=Intel64 Family 6 Model 158 Stepping 9, GenuineIntel
TMP=C:\Users\USER\AppData\Local\Temp
TEMP=C:\Users\USER\AppData\Local\Temp




Compilation memory statistics disabled.

Periodic native trim disabled

JNI global refs:
JNI global refs: 0, weak refs: 0

JNI global refs memory usage: 0, weak refs: 0

Process memory usage:
Resident Set Size: 12424K (0% of 16657424K total physical memory with 3973620K free physical memory)

OOME stack traces (most recent first):
Classloader memory used:

---------------  S Y S T E M  ---------------

OS:
 Windows 10 , 64 bit Build 19041 (10.0.19041.7291)
OS uptime: 1 days 21:42 hours

CPU: total 8 (initial active 8) (4 cores per cpu, 2 threads per core) family 6 model 158 stepping 9 microcode 0xb4, cx8, cmov, fxsr, ht, mmx, 3dnowpref, sse, sse2, sse3, ssse3, sse4.1, sse4.2, popcnt, lzcnt, tsc, tscinvbit, avx, avx2, aes, erms, clmul, bmi1, bmi2, adx, fma, vzeroupper, clflush, clflushopt, rdtscp, f16c
Processor Information for the first 8 processors :
  Max Mhz: 2808, Current Mhz: 2808, Mhz Limit: 2808

Memory: 4k page, system-wide physical 16267M (3880M free)
TotalPageFile size 46723M (AvailPageFile size 160M)
current process WorkingSet (physical memory assigned to process): 12M, peak: 12M
current process commit charge ("private bytes"): 60M, peak: 316M

vm_info: OpenJDK 64-Bit Server VM (25.0.2+1-b329.117) for windows-amd64 JRE (25.0.2+1-b329.117), built on 2026-04-20 with MS VC++ 17.14 (VS2022)

END.
